<?xml version="1.0" encoding="UTF-8"?>
<!-- Generated by org.testng.reporters.JUnitReportReporter -->
<testsuite hostname="DESKTOP-EJOHC9B" failures="0" tests="2" name="test.runnerClass" time="10.852" errors="0" timestamp="2025-03-22T19:38:48 IST" skipped="0">
  <testcase classname="test.runnerClass" name="runScenario" time="2.046">
    <system-out>
      <![CDATA[User is navigated to home page successfully.]]>
    </system-out>
  </testcase> <!-- runScenario -->
  <testcase classname="test.runnerClass" name="runScenario" time="8.806">
    <system-out>
      <![CDATA[User is navigated to home page successfully.]]>
    </system-out>
  </testcase> <!-- runScenario -->
  <system-out>
    <![CDATA[User is navigated to home page successfully.
User is navigated to home page successfully.]]>
  </system-out>
</testsuite> <!-- test.runnerClass -->
