<?xml version="1.0" encoding="UTF-8"?>
<!-- Generated by org.testng.reporters.JUnitReportReporter -->
<testsuite hostname="DESKTOP-EJOHC9B" failures="0" tests="3" name="test.testRunner" time="36.251" errors="0" timestamp="2025-08-03T17:15:00 IST" skipped="0">
  <testcase classname="test.testRunner" name="runScenario" time="12.029"/>
  <testcase classname="test.testRunner" name="runScenario" time="12.142"/>
  <testcase classname="test.testRunner" name="runScenario" time="12.080"/>
</testsuite> <!-- test.testRunner -->
