<?xml version="1.0" encoding="UTF-8"?>
<!-- Generated by org.testng.reporters.JUnitReportReporter -->
<testsuite hostname="DESKTOP-EJOHC9B" failures="0" tests="6" name="test.testRunner" time="106.857" errors="0" timestamp="2025-08-03T16:05:46 IST" skipped="0">
  <testcase classname="test.testRunner" name="runScenario" time="17.825"/>
  <testcase classname="test.testRunner" name="runScenario" time="17.846"/>
  <testcase classname="test.testRunner" name="runScenario" time="17.820"/>
  <testcase classname="test.testRunner" name="runScenario" time="17.747"/>
  <testcase classname="test.testRunner" name="runScenario" time="17.790"/>
  <testcase classname="test.testRunner" name="runScenario" time="17.829"/>
</testsuite> <!-- test.testRunner -->
