<?xml version="1.0" encoding="UTF-8"?>
<!-- Generated by org.testng.reporters.JUnitReportReporter -->
<testsuite hostname="DESKTOP-EJOHC9B" failures="0" tests="3" name="test.testRunner" time="13.703" errors="0" timestamp="2025-07-13T13:51:10 IST" skipped="0">
  <testcase classname="test.testRunner" name="runScenario" time="5.156"/>
  <testcase classname="test.testRunner" name="runScenario" time="4.247"/>
  <testcase classname="test.testRunner" name="runScenario" time="4.300"/>
</testsuite> <!-- test.testRunner -->
