<?xml version="1.0" encoding="UTF-8"?>
<!-- Generated by org.testng.reporters.JUnitReportReporter -->
<testsuite hostname="DESKTOP-EJOHC9B" failures="0" tests="1" name="test.testRunner" time="2.916" errors="0" timestamp="2025-08-03T20:38:43 IST" skipped="0">
  <testcase classname="test.testRunner" name="runScenario" time="2.916"/>
</testsuite> <!-- test.testRunner -->
