<?xml version="1.0" encoding="UTF-8"?>
<!-- Generated by org.testng.reporters.JUnitReportReporter -->
<testsuite hostname="DESKTOP-EJOHC9B" failures="0" tests="6" name="test.testRunner" time="53.811" errors="0" timestamp="2025-08-03T17:20:05 IST" skipped="0">
  <testcase classname="test.testRunner" name="runScenario" time="9.090"/>
  <testcase classname="test.testRunner" name="runScenario" time="8.919"/>
  <testcase classname="test.testRunner" name="runScenario" time="8.949"/>
  <testcase classname="test.testRunner" name="runScenario" time="8.847"/>
  <testcase classname="test.testRunner" name="runScenario" time="8.949"/>
  <testcase classname="test.testRunner" name="runScenario" time="9.057"/>
</testsuite> <!-- test.testRunner -->
