<?xml version="1.0" encoding="UTF-8"?>
<!-- Generated by org.testng.reporters.JUnitReportReporter -->
<testsuite hostname="DESKTOP-EJOHC9B" failures="0" tests="6" name="test.testRunner" time="59.021" errors="0" timestamp="2025-08-03T16:28:35 IST" skipped="0">
  <testcase classname="test.testRunner" name="runScenario" time="9.750"/>
  <testcase classname="test.testRunner" name="runScenario" time="9.861"/>
  <testcase classname="test.testRunner" name="runScenario" time="9.985"/>
  <testcase classname="test.testRunner" name="runScenario" time="9.751"/>
  <testcase classname="test.testRunner" name="runScenario" time="9.751"/>
  <testcase classname="test.testRunner" name="runScenario" time="9.923"/>
</testsuite> <!-- test.testRunner -->
