<?xml version="1.0" encoding="UTF-8"?>
<!-- Generated by org.testng.reporters.JUnitReportReporter -->
<testsuite hostname="DESKTOP-EJOHC9B" failures="0" tests="3" name="test.testRunner" time="104.884" errors="0" timestamp="2025-08-03T17:41:21 IST" skipped="0">
  <testcase classname="test.testRunner" name="runScenario" time="34.931"/>
  <testcase classname="test.testRunner" name="runScenario" time="34.993"/>
  <testcase classname="test.testRunner" name="runScenario" time="34.960"/>
</testsuite> <!-- test.testRunner -->
