<?xml version="1.0" encoding="UTF-8"?>
<!-- Generated by org.testng.reporters.JUnitReportReporter -->
<testsuite hostname="DESKTOP-EJOHC9B" failures="0" tests="6" name="test.testRunner" time="42.310" errors="0" timestamp="2025-08-03T17:23:38 IST" skipped="0">
  <testcase classname="test.testRunner" name="runScenario" time="7.052"/>
  <testcase classname="test.testRunner" name="runScenario" time="6.976"/>
  <testcase classname="test.testRunner" name="runScenario" time="6.969"/>
  <testcase classname="test.testRunner" name="runScenario" time="7.113"/>
  <testcase classname="test.testRunner" name="runScenario" time="6.976"/>
  <testcase classname="test.testRunner" name="runScenario" time="7.224"/>
</testsuite> <!-- test.testRunner -->
